<?xml version="1.0" encoding="UTF-8"?>
<!-- Generated by org.testng.reporters.JUnitReportReporter -->
<testsuite hostname="LAPTOP-2OFMSJ0A" failures="0" tests="1" name="com.SauceDemo.TestClasses.TC02_VerifyLogoutFunctionality" time="23.654" errors="0" timestamp="2022-10-10T16:48:56 IST" skipped="0">
  <testcase classname="com.SauceDemo.TestClasses.TC02_VerifyLogoutFunctionality" name="VerifyLogoutFunctionality" time="23.654"/>
  <system-out/>
</testsuite> <!-- com.SauceDemo.TestClasses.TC02_VerifyLogoutFunctionality -->
